{"level":"error","message":"ocurrio un problema al listar usuarios : TypeError: Cannot read properties of undefined (reading 'findAll')"}
{"level":"error","message":"ocurrio un problema al listar usuarios : TypeError: Cannot read properties of undefined (reading 'findAll')"}
{"level":"error","message":"ocurrio un problema al listar usuarios : TypeError: Cannot read properties of undefined (reading 'findAll')"}
{"level":"error","message":"ocurrio un problema al listar usuarios : TypeError: Cannot read properties of undefined (reading 'findAll')"}
{"level":"error","message":"ocurrio un problema al listar usuarios : TypeError: this.userDao.getAll is not a function"}
{"level":"error","message":"ocurrio un problema al listar usuarios : TypeError: this.userDao.getAll is not a function"}
{"level":"error","message":"Error en productos al borrar: Error [ERR_HTTP_HEADERS_SENT]: Cannot set headers after they are sent to the client"}
{"level":"error","message":"Error en productos al borrar: Error [ERR_HTTP_HEADERS_SENT]: Cannot set headers after they are sent to the client"}
{"level":"error","message":"Error en productos al borrar: Error [ERR_HTTP_HEADERS_SENT]: Cannot set headers after they are sent to the client"}
{"level":"error","message":"Error en productos al actualizar : CastError: Cast to ObjectId failed for value \"636fed81e3\" (type string) at path \"_id\" for model \"product\""}
{"level":"error","message":"Error en productos al actualizar : CastError: Cast to ObjectId failed for value \"6\" (type string) at path \"_id\" for model \"product\""}
{"level":"error","message":"Error en productos al actualizar : CastError: Cast to ObjectId failed for value \"2332\" (type string) at path \"_id\" for model \"product\""}
{"level":"error","message":"Error en productos al actualizar : CastError: Cast to ObjectId failed for value \"2332\" (type string) at path \"_id\" for model \"product\""}
{"level":"error","message":"Error en productos al actualizar : CastError: Cast to ObjectId failed for value \"2332\" (type string) at path \"_id\" for model \"product\""}
{"level":"error","message":"Error en productos al actualizar : CastError: Cast to ObjectId failed for value \"2332\" (type string) at path \"_id\" for model \"product\""}
{"level":"error","message":"Error en productos al actualizar : CastError: Cast to ObjectId failed for value \"2332\" (type string) at path \"_id\" for model \"product\""}
{"level":"error","message":"Error en productos al actualizar : CastError: Cast to ObjectId failed for value \"xdsf2323\" (type string) at path \"_id\" for model \"product\""}
{"level":"error","message":"Error en productos al actualizar : CastError: Cast to ObjectId failed for value \"xdsf2323\" (type string) at path \"_id\" for model \"product\""}
{"level":"error","message":"Error en productos al actualizar : CastError: Cast to ObjectId failed for value \"xdsf2323\" (type string) at path \"_id\" for model \"product\""}
{"level":"error","message":"No se encontro el carrito"}
{"level":"error","message":"Error en listar los productos del carro por id : [object Object]"}
{"level":"error","message":"No se encontro el carrito  o no existe"}
{"level":"error","message":"Error en actualizar los productos del carro : [object Object]"}
{"level":"error","message":"No se encontro el carrito  o no existe"}
{"level":"error","message":"Error en actualizar los productos del carro : [object Object]"}
{"level":"error","message":"No se encontro el producto en el carrito o no existe"}
{"level":"error","message":"Error en actualizar los productos del carro : [object Object]"}
{"level":"error","message":"ocurrio un problema al listar usuarios : TypeError: Cannot read properties of undefined (reading 'findAll')"}
{"level":"error","message":"ocurrio un problema al listar usuarios : TypeError: Cannot read properties of undefined (reading 'findAll')"}
{"level":"error","message":"ocurrio un problema al listar usuarios : TypeError: Cannot read properties of undefined (reading 'findAll')"}
{"level":"error","message":"ocurrio un problema al listar usuarios : TypeError: Cannot read properties of undefined (reading 'findAll')"}
{"level":"error","message":"ocurrio un problema al listar usuarios : TypeError: Cannot read properties of undefined (reading 'findAll')"}
{"level":"error","message":"ocurrio un problema al listar usuarios : TypeError: Cannot read properties of undefined (reading 'findAll')"}
{"level":"error","message":"ocurrio un problema al listar usuarios : TypeError: Cannot read properties of undefined (reading 'findAll')"}
{"level":"error","message":"Error en productos al guardar : ValidationError: codigo: Path `codigo` (1223) is more than maximum allowed value (400)."}
{"level":"error","message":"Error en productos al guardar : ValidationError: codigo: Path `codigo` (1231) is more than maximum allowed value (400)."}
{"level":"error","message":"inicio de session activa : jeremias "}
{"level":"error","message":"Error en actualizar los productos del carro : TypeError: this.model.findAll is not a function"}
{"level":"error","message":"Error en actualizar los productos del carro : TypeError: this.model.findAll is not a function"}
{"level":"error","message":"Error en listar los productos del carro por id : TypeError: this.model.findAll is not a function"}
{"level":"error","message":"Error en actualizar los productos del carro : TypeError: this.model.findAll is not a function"}
{"level":"error","message":"Error en actualizar los productos del carro : TypeError: this.model.findAll is not a function"}
{"level":"error","message":"Error en actualizar los productos del carro : TypeError: this.model.findAll is not a function"}
{"level":"error","message":"Error en actualizar los productos del carro : TypeError: this.model.findAll is not a function"}
{"level":"error","message":"Error en actualizar los productos del carro : TypeError: this.model.findAll is not a function"}
{"level":"error","message":"Error en actualizar los productos del carro : TypeError: this.model.findAll is not a function"}
{"level":"error","message":"Error en actualizar los productos del carro : TypeError: this.model.findAll is not a function"}
{"level":"error","message":"Error en actualizar los productos del carro : TypeError: this.model.findAll is not a function"}
{"level":"error","message":"Error en actualizar los productos del carro : TypeError: this.model.findAll is not a function"}
{"level":"error","message":"Error en actualizar los productos del carro : TypeError: this.model.findAll is not a function"}
{"level":"error","message":"Error en actualizar los productos del carro : TypeError: this.model.findAll is not a function"}
{"level":"error","message":"Error en actualizar los productos del carro : TypeError: this.model.findAll is not a function"}
{"level":"error","message":"Error en actualizar los productos del carro : TypeError: this.model.findAll is not a function"}
{"level":"error","message":"Error en actualizar los productos del carro : TypeError: this.model.findAll is not a function"}
{"level":"error","message":"Error en actualizar los productos del carro : TypeError: this.model.findAll is not a function"}
{"level":"error","message":"Error en actualizar los productos del carro : TypeError: this.model.findAll is not a function"}
{"level":"error","message":"Error en actualizar los productos del carro : TypeError: this.model.findAll is not a function"}
{"level":"error","message":"Error en actualizar los productos del carro : TypeError: this.model.findAll is not a function"}
{"level":"error","message":"Error en actualizar los productos del carro : TypeError: this.model.findAll is not a function"}
{"level":"error","message":"Error en actualizar los productos del carro : TypeError: this.model.findAll is not a function"}
{"level":"error","message":"Error en actualizar los productos del carro : TypeError: this.model.findAll is not a function"}
{"level":"error","message":"Error en actualizar los productos del carro : TypeError: this.model.findAll is not a function"}
{"level":"error","message":"Error en actualizar los productos del carro : TypeError: this.model.findAll is not a function"}
{"level":"error","message":"Error en actualizar los productos del carro : TypeError: this.model.findAll is not a function"}
{"level":"error","message":"Error en actualizar los productos del carro : TypeError: this.model.findAll is not a function"}
{"level":"error","message":"Error en buscar por id el producto : TypeError: this.model.findAll is not a function"}
{"level":"error","message":"Error en actualizar los productos del carro : TypeError: this.model.findAll is not a function"}
{"level":"error","message":"Error en actualizar los productos del carro : TypeError: this.cartDao.fi is not a function"}
{"level":"error","message":"Error en actualizar los productos del carro : TypeError: this.model.findAll is not a function"}
{"level":"error","message":"Error en actualizar los productos del carro : TypeError: this.model.findAll is not a function"}
{"level":"error","message":"Error en actualizar los productos del carro : TypeError: this.model.findAll is not a function"}
{"level":"error","message":"Error en actualizar los productos del carro : TypeError: this.model.findAll is not a function"}
{"level":"error","message":"Error en actualizar los productos del carro : TypeError: this.model.findAll is not a function"}
{"level":"error","message":"Error en actualizar los productos del carro : TypeError: this.model.findAll is not a function"}
{"level":"error","message":"Error en actualizar los productos del carro : TypeError: this.model.findAll is not a function"}
{"level":"error","message":"Error en actualizar los productos del carro : TypeError: this.model.findAll is not a function"}
{"level":"error","message":"Error en actualizar los productos del carro : TypeError: this.model.findAll is not a function"}
{"level":"error","message":"Error en actualizar los productos del carro : TypeError: this.model.findAll is not a function"}
{"level":"error","message":"Error en actualizar los productos del carro : ReferenceError: resultado is not defined"}
{"level":"error","message":"Error en actualizar los productos del carro : ReferenceError: resultado is not defined"}
{"level":"error","message":"Error en actualizar los productos del carro : ReferenceError: resultado is not defined"}
{"level":"error","message":"Error en actualizar los productos del carro : ReferenceError: d is not defined"}
{"level":"error","message":"Error en actualizar los productos del carro : ReferenceError: d is not defined"}
{"level":"error","message":"Error en actualizar los productos del carro : ReferenceError: d is not defined"}
{"level":"error","message":"Error en actualizar los productos del carro : ReferenceError: d is not defined"}
{"level":"error","message":"Error en actualizar los productos del carro : TypeError: this.model.findAll is not a function"}
{"level":"error","message":"Error en actualizar los productos del carro : TypeError: this.model.findAll is not a function"}
{"level":"error","message":"Error en actualizar los productos del carro : TypeError: this.model.findAll is not a function"}
{"level":"error","message":"Error en listar carros : ReferenceError: id is not defined"}
{"level":"error","message":"Error en listar carros : ReferenceError: id is not defined"}
{"level":"error","message":"Error en listar carros : ReferenceError: id is not defined"}
{"level":"error","message":"Error en listar carros : ReferenceError: id is not defined"}
{"level":"error","message":"Error en listar carros : ReferenceError: id is not defined"}
{"level":"error","message":"Error en listar carros : ReferenceError: id is not defined"}
{"level":"error","message":"Error en listar carros : TypeError: this.model.findAll is not a function"}
{"level":"error","message":"Error en actualizar los productos del carro : TypeError: this.model.findAll is not a function"}
{"level":"error","message":"Error en actualizar los productos del carro : TypeError: this.model.findAll is not a function"}
{"level":"error","message":"Error en actualizar los productos del carro : TypeError: this.model.findAll is not a function"}
{"level":"error","message":"Error en actualizar los productos del carro : TypeError: this.model.findAll is not a function"}
{"level":"error","message":"Error en listar los productos del carro por id : TypeError: this.model.findAll is not a function"}
{"level":"error","message":"Error en listar los productos del carro por id : TypeError: this.model.findAll is not a function"}
{"level":"error","message":"Error en listar los productos del carro por id : TypeError: this.model.findAll is not a function"}
{"level":"error","message":"Error en listar los productos del carro por id : TypeError: this.model.findAll is not a function"}
{"level":"error","message":"No se encontro el carrito  o no existe"}
{"level":"error","message":"No se encontro el carrito  o no existe"}
{"level":"error","message":"No se encontro el carrito  o no existe"}
{"level":"error","message":"No se encontro el carrito  o no existe"}
{"level":"error","message":"No se encontro el carrito  o no existe"}
{"level":"error","message":"No se encontro el carrito  o no existe"}
{"level":"error","message":"No se encontro el carrito  o no existe"}
{"level":"error","message":"Error en actualizar los productos del carro : [object Object]"}
{"level":"error","message":"No se encontro el producto en el carrito o no existe"}
{"level":"error","message":"Error en actualizar los productos del carro : [object Object]"}
{"level":"error","message":"No se encontro el carrito  o no existe"}
{"level":"error","message":"Error en actualizar los productos del carro : [object Object]"}
{"level":"error","message":"Error en actualizar los productos del carro : Error [ERR_HTTP_HEADERS_SENT]: Cannot set headers after they are sent to the client"}
{"level":"error","message":"Error en actualizar los productos del carro : Error [ERR_HTTP_HEADERS_SENT]: Cannot set headers after they are sent to the client"}
{"level":"error","message":"Error en actualizar los productos del carro : TypeError: Cannot read properties of undefined (reading 'name')"}
{"level":"error","message":"Error en actualizar los productos del carro : TypeError: Cannot read properties of undefined (reading 'name')"}
{"level":"error","message":"inicio de session activa : jeremias "}
{"level":"error","message":"Error en buscar por id el producto : ReferenceError: error is not defined"}
{"level":"error","message":"Error en buscar por id el producto : ReferenceError: error is not defined"}
{"level":"error","message":"Error en buscar por id el carrito : ReferenceError: error is not defined"}
{"level":"error","message":"Error en buscar por id el carrito : ReferenceError: error is not defined"}
{"level":"error","message":"Error en buscar por id el carrito : ReferenceError: error is not defined"}
{"level":"error","message":"Error en buscar por id el carrito : ReferenceError: obtenerProducto is not defined"}
{"level":"error","message":"Error en buscar por id el carrito : ReferenceError: obtenerProducto is not defined"}
{"level":"error","message":"Error en buscar por id el carrito : ReferenceError: error is not defined"}
{"level":"error","message":"Error en buscar por id el carrito : ReferenceError: obtenerProducto is not defined"}
{"level":"error","message":"Error en buscar por id el carrito : ReferenceError: error is not defined"}
{"level":"error","message":"Error en buscar por id el carrito : ReferenceError: error is not defined"}
{"level":"error","message":"Error en buscar por id el carrito : ReferenceError: obtenerProducto is not defined"}
{"level":"error","message":"Error en buscar por id el carrito : ReferenceError: obtenerProducto is not defined"}
{"level":"error","message":"Error en buscar por id el carrito : ReferenceError: obtenerProducto is not defined"}
{"level":"error","message":"Error en buscar por id el carrito : ReferenceError: obtenerProducto is not defined"}
{"level":"error","message":"Error en buscar por id el carrito : ReferenceError: obtenerProducto is not defined"}
{"level":"error","message":"Error en buscar por id el carrito : ReferenceError: error is not defined"}
{"level":"error","message":"Error en buscar por id el carrito : ReferenceError: error is not defined"}
{"level":"error","message":"Error en buscar por id el carrito : ReferenceError: error is not defined"}
{"level":"error","message":"Error en buscar por id el carrito : ReferenceError: error is not defined"}
{"level":"error","message":"Error en buscar por id el carrito : ReferenceError: error is not defined"}
{"level":"error","message":"Error en buscar por id el carrito : ReferenceError: error is not defined"}
{"level":"error","message":"Error en buscar por id el carrito : ReferenceError: error is not defined"}
{"level":"error","message":"Error en buscar por id el carrito : ReferenceError: error is not defined"}
{"level":"error","message":"Error en buscar por id el carrito : ReferenceError: error is not defined"}
{"level":"error","message":"Error en buscar por id el carrito : ReferenceError: error is not defined"}
{"level":"error","message":"Error en buscar por id el carrito : ReferenceError: obtenerProducto is not defined"}
{"level":"error","message":"Error en productos al guardar : ValidationError: codigo: Path `codigo` (1231) is more than maximum allowed value (400)."}
{"level":"error","message":"Error en buscar por id el carrito : ReferenceError: error is not defined"}
{"level":"error","message":"Error en buscar por id el carrito : ReferenceError: error is not defined"}
{"level":"error","message":"Error en buscar por id el carrito : ReferenceError: error is not defined"}
{"level":"error","message":"No se encontro el carrito  o no existe"}
{"level":"error","message":"Error en actualizar los productos del carro : [object Object]"}
{"level":"error","message":"No se encontro el carrito  o no existe"}
{"level":"error","message":"Error en actualizar los productos del carro : [object Object]"}
{"level":"error","message":"No se encontro el carrito  o no existe"}
{"level":"error","message":"Error en actualizar los productos del carro : [object Object]"}
{"level":"error","message":"No se encontro el carrito  o no existe"}
{"level":"error","message":"Error en actualizar los productos del carro : [object Object]"}
{"level":"error","message":"No se encontro el carrito  o no existe"}
{"level":"error","message":"Error en actualizar los productos del carro : [object Object]"}
{"level":"error","message":"No se encontro el carrito  o no existe"}
{"level":"error","message":"Error en actualizar los productos del carro : [object Object]"}
{"level":"error","message":"No se encontro el carrito  o no existe"}
{"level":"error","message":"Error en actualizar los productos del carro : [object Object]"}
{"level":"error","message":"No se encontro el carrito  o no existe"}
{"level":"error","message":"Error en actualizar los productos del carro : [object Object]"}
{"level":"error","message":"No se encontro el carrito"}
{"level":"error","message":"Error en elimninar productos del carro : [object Object]"}
{"level":"error","message":"No se encontro el carrito"}
{"level":"error","message":"Error en elimninar productos del carro : [object Object]"}
{"level":"error","message":"No se encontro el carrito"}
{"level":"error","message":"Error en elimninar productos del carro : [object Object]"}
{"level":"error","message":"No se encontro el carrito"}
{"level":"error","message":"Error en elimninar productos del carro : [object Object]"}
{"level":"error","message":"No se encontro el producto en el carrito o no existe"}
{"level":"error","message":"Error en elimninar productos del carro : [object Object]"}
{"level":"error","message":"Error en buscar por id el carrito : ReferenceError: error is not defined"}
{"level":"error","message":"Error en buscar por id el carrito : ReferenceError: error is not defined"}
{"level":"error","message":"Error en buscar por id el carrito : ReferenceError: error is not defined"}
{"level":"error","message":"Error en buscar por id el carrito : ReferenceError: error is not defined"}
{"level":"error","message":"Error en buscar por id el carrito : ReferenceError: error is not defined"}
{"level":"error","message":"Error en buscar por id el carrito : ReferenceError: error is not defined"}
{"level":"error","message":"Error en buscar por id el carrito : ReferenceError: error is not defined"}
{"level":"error","message":"Error en buscar por id el carrito : ReferenceError: error is not defined"}
{"level":"error","message":"Error en buscar por id el carrito : ReferenceError: error is not defined"}
{"level":"error","message":"Error en buscar por id el carrito : ReferenceError: error is not defined"}
{"level":"error","message":"Error en buscar por id el carrito : ReferenceError: error is not defined"}
{"level":"error","message":"Error en buscar por id el carrito : ReferenceError: error is not defined"}
{"level":"error","message":"Error en buscar por id el carrito : ReferenceError: error is not defined"}
{"level":"error","message":"Error en buscar por id el carrito : ReferenceError: error is not defined"}
{"level":"error","message":"Error en buscar por id el carrito : ReferenceError: error is not defined"}
{"level":"error","message":"Error en buscar por id el carrito : ReferenceError: error is not defined"}
{"level":"error","message":"Error en buscar por id el carrito : ReferenceError: error is not defined"}
{"level":"error","message":"Error en buscar por id el carrito : ReferenceError: error is not defined"}
{"level":"error","message":"Error en buscar por id el carrito : ReferenceError: error is not defined"}
{"level":"error","message":"Error en buscar por id el carrito : ReferenceError: error is not defined"}
{"level":"error","message":"Error en buscar por id el carrito : ReferenceError: error is not defined"}
{"level":"error","message":"Error en buscar por id el carrito : ReferenceError: error is not defined"}
{"level":"error","message":"Error en buscar por id el carrito : ReferenceError: error is not defined"}
{"level":"error","message":"Error en buscar por id el carrito : ReferenceError: error is not defined"}
{"level":"error","message":"Error en buscar por id el carrito : ReferenceError: error is not defined"}
{"level":"error","message":"Error en buscar por id el carrito : ReferenceError: error is not defined"}
{"level":"error","message":"Error en buscar por id el carrito : ReferenceError: error is not defined"}
{"level":"error","message":"Error en buscar por id el carrito : ReferenceError: error is not defined"}
{"level":"error","message":"Error en buscar por id el carrito : ReferenceError: error is not defined"}
{"level":"error","message":"Error en buscar por id el carrito : ReferenceError: error is not defined"}
{"level":"error","message":"Error en buscar por id el carrito : ReferenceError: error is not defined"}
{"level":"error","message":"Error en buscar por id el carrito : ReferenceError: error is not defined"}
{"level":"error","message":"Error en buscar por id el carrito : ReferenceError: error is not defined"}
{"level":"error","message":"Error en buscar por id el carrito : ReferenceError: error is not defined"}
{"level":"error","message":"Error en buscar por id el carrito : ReferenceError: error is not defined"}
{"level":"error","message":"Error en buscar por id el carrito : ReferenceError: error is not defined"}
{"level":"error","message":"Error en buscar por id el carrito : ReferenceError: error is not defined"}
{"level":"error","message":"Error en buscar por id el carrito : ReferenceError: error is not defined"}
{"level":"error","message":"Error en buscar por id el carrito : ReferenceError: error is not defined"}
{"level":"error","message":"Error en buscar por id el carrito : ReferenceError: error is not defined"}
{"level":"error","message":"Error en buscar por id el producto : ReferenceError: error is not defined"}
{"level":"error","message":"Error en productos al guardar : ValidationError: codigo: Path `codigo` (1231) is more than maximum allowed value (400)."}
{"level":"error","message":"Error en buscar por id el carrito : ReferenceError: error is not defined"}
{"level":"error","message":"Error en productos al guardar : TypeError: mailingService.sendEmail is not a function"}
{"level":"error","message":"Error en productos al guardar : ReferenceError: mailingService is not defined"}
{"level":"error","message":"Error en buscar por id el carrito : ReferenceError: error is not defined"}
{"level":"error","message":"Error en buscar por id el carrito : ReferenceError: error is not defined"}
{"level":"error","message":"Error en buscar por id el carrito : ReferenceError: error is not defined"}
{"level":"error","message":"Error en buscar por id el carrito : ReferenceError: error is not defined"}
{"level":"error","message":"Error en buscar por id el carrito : ReferenceError: error is not defined"}
{"level":"error","message":"Error en buscar por id el carrito : ReferenceError: error is not defined"}
{"level":"error","message":"Error en buscar por id el carrito : ReferenceError: error is not defined"}
{"level":"error","message":"Error en productos al guardar : ReferenceError: mailer is not defined"}
{"level":"error","message":"Error en el login : Error [ERR_HTTP_HEADERS_SENT]: Cannot set headers after they are sent to the client"}
{"level":"error","message":"Error en el login : Error [ERR_HTTP_HEADERS_SENT]: Cannot set headers after they are sent to the client"}
{"level":"error","message":"Error en el login : Error [ERR_HTTP_HEADERS_SENT]: Cannot set headers after they are sent to the client"}
{"level":"error","message":"Error en el login : TypeError: user.map is not a function"}
{"level":"error","message":"Error en el login : TypeError: user.map is not a function"}
{"level":"error","message":"Error en eliminar carro por id  : Error [ERR_HTTP_HEADERS_SENT]: Cannot set headers after they are sent to the client"}
{"level":"error","message":"Error en eliminar carro por id  : Error [ERR_HTTP_HEADERS_SENT]: Cannot set headers after they are sent to the client"}
{"level":"error","message":"Error en eliminar carro por id  : Error [ERR_HTTP_HEADERS_SENT]: Cannot set headers after they are sent to the client"}
{"level":"error","message":"Error en eliminar carro por id  : Error [ERR_HTTP_HEADERS_SENT]: Cannot set headers after they are sent to the client"}
{"level":"error","message":"Error en eliminar carro por id  : Error [ERR_HTTP_HEADERS_SENT]: Cannot set headers after they are sent to the client"}
{"level":"error","message":"Error en el login : TypeError: Cannot read properties of undefined (reading 'cart')"}
{"level":"error","message":"Error en el login : TypeError: Cannot read properties of undefined (reading 'cart')"}
{"level":"error","message":"Error en el login : TypeError: Cannot read properties of undefined (reading 'cart')"}
{"level":"error","message":"Error en el login : TypeError: Cannot read properties of undefined (reading 'cart')"}
{"level":"error","message":"Error en el login : TypeError: Cannot read properties of undefined (reading 'cart')"}
{"level":"error","message":"Error en el login : TypeError: Cannot read properties of undefined (reading 'cart')"}
{"level":"error","message":"Error en el login : TypeError: Cannot read properties of undefined (reading 'cart')"}
{"level":"error","message":"Error en el login : TypeError: Cannot read properties of undefined (reading 'cart')"}
{"level":"error","message":"Error en el login : TypeError: Cannot read properties of undefined (reading 'cart')"}
{"level":"error","message":"Error en el login : TypeError: Cannot read properties of undefined (reading 'cart')"}
{"level":"error","message":"Error en el login : TypeError: Cannot read properties of undefined (reading 'cart')"}
{"level":"error","message":"Error en el login : TypeError: Cannot read properties of undefined (reading 'cart')"}
{"level":"error","message":"Error en el login : TypeError: Cannot read properties of undefined (reading 'cart')"}
{"level":"error","message":"Error en el login : TypeError: Cannot read properties of undefined (reading 'cart')"}
{"level":"error","message":"Error en el login : ReferenceError: carrito is not defined"}
{"level":"error","message":"Error en el login : ReferenceError: carrito is not defined"}
{"level":"error","message":"Error en el login : ReferenceError: ObtenerId is not defined"}
{"level":"error","message":"Error en productos al guardar : ValidationError: codigo: Path `codigo` (1231) is more than maximum allowed value (400)."}
{"level":"error","message":"Error en productos al guardar : TypeError: Cannot read properties of undefined (reading 'casa1!!!')"}
{"level":"error","message":"Error en productos al guardar : TypeError: Cannot read properties of undefined (reading 'casa1!!!')"}
{"level":"error","message":"Error en productos al guardar : ReferenceError: array is not defined"}
{"level":"error","message":"Error en productos al guardar : ReferenceError: array is not defined"}
{"level":"error","message":"Error en productos al guardar : ReferenceError: array is not defined"}
{"level":"error","message":"Error en productos al guardar : TypeError: compra is not iterable"}
{"level":"error","message":"Error en productos al guardar : TypeError: compra is not iterable"}
{"level":"error","message":"Error en productos al guardar : TypeError: compra is not iterable"}
{"level":"error","message":"Error en productos al guardar : TypeError: compra is not iterable"}
{"level":"error","message":"Error en productos al guardar : TypeError: compra is not iterable"}
{"level":"error","message":"Error en productos al guardar : TypeError: compra is not iterable"}
{"level":"error","message":"Error en productos al guardar : TypeError: compra is not iterable"}
{"level":"error","message":"Error en productos al guardar : TypeError: compra is not iterable"}
